app/build/intermediates/manifest_merge_blame_file/debug/manifest-merger-blame-debug-report.txt
1<?xml version="1.0" encoding="utf-8"?>
2<manifest xmlns:android="http://schemas.android.com/apk/res/android"
3    package="fr.polytech.larynxapp"
4    android:versionCode="1"
5    android:versionName="1.0" >
6
7    <uses-sdk
8        android:minSdkVersion="21"
8-->src/main/AndroidManifest.xml
9        android:targetSdkVersion="29" />
9-->src/main/AndroidManifest.xml
10
11    <!-- Specifies application's permission -->
12    <uses-permission android:name="android.permission.WRITE_EXTERNAL_STORAGE" />
12-->src/main/AndroidManifest.xml:6:5-81
12-->src/main/AndroidManifest.xml:6:22-78
13    <uses-permission android:name="android.permission.RECORD_AUDIO" />
13-->src/main/AndroidManifest.xml:7:5-71
13-->src/main/AndroidManifest.xml:7:22-68
14    <uses-permission android:name="android.permission.INTERNET" />
14-->src/main/AndroidManifest.xml:8:5-67
14-->src/main/AndroidManifest.xml:8:22-64
15    <uses-permission android:name="android.permission.READ_EXTERNAL_STORAGE" />
15-->[me.rosuh:AndroidFilePicker:0.7.0-x] AndroidManifest.xml:11:5-80
15-->[me.rosuh:AndroidFilePicker:0.7.0-x] AndroidManifest.xml:11:22-77
16
17    <application
17-->src/main/AndroidManifest.xml:10:5-46:19
18        android:allowBackup="true"
18-->src/main/AndroidManifest.xml:11:9-35
19        android:appComponentFactory="androidx.core.app.CoreComponentFactory"
19-->[androidx.core:core:1.3.2] AndroidManifest.xml:24:18-86
20        android:debuggable="true"
21        android:icon="@mipmap/icon"
21-->src/main/AndroidManifest.xml:12:9-36
22        android:label="LarynxApp"
22-->src/main/AndroidManifest.xml:13:9-34
23        android:requestLegacyExternalStorage="true"
23-->src/main/AndroidManifest.xml:17:9-52
24        android:roundIcon="@mipmap/ic_launcher_round"
24-->src/main/AndroidManifest.xml:14:9-54
25        android:supportsRtl="true"
25-->src/main/AndroidManifest.xml:15:9-35
26        android:testOnly="true"
27        android:theme="@style/AppTheme" >
27-->src/main/AndroidManifest.xml:16:9-40
28        <meta-data
28-->src/main/AndroidManifest.xml:18:9-20:75
29            android:name="com.google.android.actions"
29-->src/main/AndroidManifest.xml:19:13-54
30            android:resource="@drawable/bottom_nav_icon_color_selector" />
30-->src/main/AndroidManifest.xml:20:13-72
31
32        <activity android:name="fr.polytech.larynxapp.controller.splash.SplashScreen" >
32-->src/main/AndroidManifest.xml:22:9-29:20
32-->src/main/AndroidManifest.xml:22:19-65
33            <intent-filter>
33-->src/main/AndroidManifest.xml:23:13-27:29
34                <action android:name="android.intent.action.MAIN" />
34-->src/main/AndroidManifest.xml:24:17-69
34-->src/main/AndroidManifest.xml:24:25-66
35
36                <category android:name="android.intent.category.LAUNCHER" />
36-->src/main/AndroidManifest.xml:26:17-77
36-->src/main/AndroidManifest.xml:26:27-74
37            </intent-filter>
38        </activity>
39        <activity
39-->src/main/AndroidManifest.xml:31:9-34:20
40            android:name="fr.polytech.larynxapp.controller.DialogHint.DialogHint"
40-->src/main/AndroidManifest.xml:31:19-67
41            android:theme="@style/Theme.UserDialog" >
41-->src/main/AndroidManifest.xml:32:13-52
42        </activity>
43        <activity
43-->src/main/AndroidManifest.xml:36:9-43:20
44            android:name="fr.polytech.larynxapp.MainActivity"
44-->src/main/AndroidManifest.xml:37:13-41
45            android:label="@string/app_name"
45-->src/main/AndroidManifest.xml:38:13-45
46            android:screenOrientation="portrait" >
46-->src/main/AndroidManifest.xml:39:13-49
47            <intent-filter>
47-->src/main/AndroidManifest.xml:40:13-42:29
48                <action android:name="android.intent.action.MAIN" />
48-->src/main/AndroidManifest.xml:24:17-69
48-->src/main/AndroidManifest.xml:24:25-66
49            </intent-filter>
50        </activity>
51        <activity
51-->[me.rosuh:AndroidFilePicker:0.7.0-x] AndroidManifest.xml:15:9-18:72
52            android:name="me.rosuh.filepicker.FilePickerActivity"
52-->[me.rosuh:AndroidFilePicker:0.7.0-x] AndroidManifest.xml:16:13-66
53            android:configChanges="orientation|screenSize"
53-->[me.rosuh:AndroidFilePicker:0.7.0-x] AndroidManifest.xml:17:13-59
54            android:theme="@style/Theme.AppCompat.Light.NoActionBar" />
54-->[me.rosuh:AndroidFilePicker:0.7.0-x] AndroidManifest.xml:18:13-69
55
56        <provider
56-->[androidx.lifecycle:lifecycle-process:2.1.0] AndroidManifest.xml:23:9-27:43
57            android:name="androidx.lifecycle.ProcessLifecycleOwnerInitializer"
57-->[androidx.lifecycle:lifecycle-process:2.1.0] AndroidManifest.xml:24:13-79
58            android:authorities="fr.polytech.larynxapp.lifecycle-process"
58-->[androidx.lifecycle:lifecycle-process:2.1.0] AndroidManifest.xml:25:13-69
59            android:exported="false"
59-->[androidx.lifecycle:lifecycle-process:2.1.0] AndroidManifest.xml:26:13-37
60            android:multiprocess="true" />
60-->[androidx.lifecycle:lifecycle-process:2.1.0] AndroidManifest.xml:27:13-40
61    </application>
62
63</manifest>